2025-11-07 09:59:33 INFO  BaseTest:72 - Log4j initialized for this run: 2025_11_07_09-59-33
2025-11-07 09:59:33 INFO  BaseTest:50 - Browser initialize
2025-11-07 09:59:48 INFO  BaseTest:12 - Login TestCases started
2025-11-07 09:59:52 INFO  BaseTest:15 - Entered credentials
2025-11-07 09:59:54 INFO  BaseTest:18 - Verify login
2025-11-07 09:59:54 INFO  BaseTest:23 - Login Successful
2025-11-07 09:59:58 INFO  BaseTest:12 - Login TestCases started
2025-11-07 10:00:02 INFO  BaseTest:15 - Entered credentials
2025-11-07 10:00:04 INFO  BaseTest:18 - Verify login
2025-11-07 10:00:04 INFO  BaseTest:27 - Login Unsuccessful
2025-11-07 10:00:04 INFO  BaseTest:12 - Login TestCases started
2025-11-07 10:00:09 INFO  BaseTest:15 - Entered credentials
2025-11-07 10:00:11 INFO  BaseTest:18 - Verify login
2025-11-07 10:00:11 INFO  BaseTest:23 - Login Successful
2025-11-07 10:00:15 INFO  BaseTest:12 - Login TestCases started
2025-11-07 10:00:19 INFO  BaseTest:15 - Entered credentials
2025-11-07 10:00:26 INFO  BaseTest:18 - Verify login
2025-11-07 10:00:26 INFO  BaseTest:23 - Login Successful
2025-11-07 10:00:30 INFO  BaseTest:12 - Login TestCases started
2025-11-07 10:00:34 INFO  BaseTest:15 - Entered credentials
2025-11-07 10:00:36 INFO  BaseTest:18 - Verify login
2025-11-07 10:00:36 INFO  BaseTest:23 - Login Successful
2025-11-07 10:00:40 INFO  BaseTest:12 - Login TestCases started
2025-11-07 10:00:45 INFO  BaseTest:15 - Entered credentials
2025-11-07 10:00:47 INFO  BaseTest:18 - Verify login
2025-11-07 10:00:47 INFO  BaseTest:23 - Login Successful
2025-11-07 10:00:51 INFO  BaseTest:59 - Closing browser
